▲ Next.js 16.2.7 (Turbopack)
- Local:         http://localhost:3002
- Network:       http://192.168.1.95:3002
✓ Ready in 517ms

○ Compiling / ...
 GET / 200 in 10.1s (next.js: 9.0s, application-code: 1059ms)
 GET /images/hero-character.png 404 in 1427ms (next.js: 1218ms, application-code: 210ms)
[browser] A tree hydrated but some attributes of the server rendered HTML didn't match the client properties. This won't be patched up. This can happen if a SSR-ed Client Component used:

- A server/client branch `if (typeof window !== 'undefined')`.
- Variable input such as `Date.now()` or `Math.random()` which changes each time it's called.
- Date formatting in a user's locale which doesn't match the server.
- External changing data without sending a snapshot of it along with the HTML.
- Invalid HTML tag nesting.

It can also happen if the client has a browser extension installed which messes with the HTML before React loaded.

https://react.dev/link/hydration-mismatch

  ...
    <HotReload globalError={[...]} webSocket={WebSocket} staticIndicatorState={{pathname:null, ...}}>
      <AppDevOverlayErrorBoundary globalError={[...]}>
        <ReplaySsrOnlyErrors>
        <DevRootHTTPAccessFallbackBoundary>
          <HTTPAccessFallbackBoundary notFound={<NotAllowedRootHTTPFallbackError>}>
            <HTTPAccessFallbackErrorBoundary pathname="/" notFound={<NotAllowedRootHTTPFallbackError>} ...>
              <RedirectBoundary>
                <RedirectErrorBoundary router={{...}}>
                  <Head>
                  <__next_root_layout_boundary__>
                    <LoadingBoundaryProvider loading={[...]}>
                      <SegmentViewNode type="layout" pagePath="layout.tsx">
                        <SegmentTrieNode>
                        <link>
                        <script>
                        <script>
                        <script>
                        <RootLayout>
                          <html lang="en" className="dark" suppressHydrationWarning={true}>
                            <head>
                            <body
                              className="inter_5901b7c6-module__ec5Qua__variable jetbrains_mono_fa873072-module__lnb74..."
-                             cz-shortcut-listen="true"
                            >
                  ...
 
    at <unknown> (file://D:/offical portfolio/musa-portfolio/.next/dev/static/chunks/node_modules_next_dist_compiled_react-dom_096_9a-._.js:3439:25)
    at runWithFiberInDEV (file://D:/offical portfolio/musa-portfolio/.next/dev/static/chunks/node_modules_next_dist_compiled_react-dom_096_9a-._.js:965:74)
    at emitPendingHydrationWarnings (file://D:/offical portfolio/musa-portfolio/.next/dev/static/chunks/node_modules_next_dist_compiled_react-dom_096_9a-._.js:3438:13)
    at completeWork (file://D:/offical portfolio/musa-portfolio/.next/dev/static/chunks/node_modules_next_dist_compiled_react-dom_096_9a-._.js:6885:102)
    at runWithFiberInDEV (file://D:/offical portfolio/musa-portfolio/.next/dev/static/chunks/node_modules_next_dist_compiled_react-dom_096_9a-._.js:965:131)
    at completeUnitOfWork (file://D:/offical portfolio/musa-portfolio/.next/dev/static/chunks/node_modules_next_dist_compiled_react-dom_096_9a-._.js:9622:23)
    at performUnitOfWork (file://D:/offical portfolio/musa-portfolio/.next/dev/static/chunks/node_modules_next_dist_compiled_react-dom_096_9a-._.js:9557:28)
    at workLoopConcurrentByScheduler (file://D:/offical portfolio/musa-portfolio/.next/dev/static/chunks/node_modules_next_dist_compiled_react-dom_096_9a-._.js:9551:58)
    at renderRootConcurrent (file://D:/offical portfolio/musa-portfolio/.next/dev/static/chunks/node_modules_next_dist_compiled_react-dom_096_9a-._.js:9534:71)
    at performWorkOnRoot (file://D:/offical portfolio/musa-portfolio/.next/dev/static/chunks/node_modules_next_dist_compiled_react-dom_096_9a-._.js:9061:150)
    at performWorkOnRootViaSchedulerTask (file://D:/offical portfolio/musa-portfolio/.next/dev/static/chunks/node_modules_next_dist_compiled_react-dom_096_9a-._.js:10255:9)
    at MessagePort.performWorkUntilDeadline (file://D:/offical portfolio/musa-portfolio/.next/dev/static/chunks/node_modules_next_dist_compiled_1amofcm._.js:2647:64) (file://D:/offical portfolio/musa-portfolio/.next/dev/static/chunks/node_modules_next_dist_compiled_react-dom_096_9a-._.js:3439:25)
✓ Compiled in 490ms
 GET / 200 in 183ms (next.js: 119ms, application-code: 64ms)
 GET /videos/hero-video.mp4 404 in 575ms (next.js: 46ms, application-code: 529ms)
✓ Compiled in 250ms
 GET / 200 in 776ms (next.js: 244ms, application-code: 533ms)
 GET /images/hero-video-poster.jpg 404 in 390ms (next.js: 36ms, application-code: 354ms)
✓ Compiled in 806ms
 GET / 200 in 331ms (next.js: 205ms, application-code: 126ms)
 GET / 200 in 1377ms (next.js: 239ms, application-code: 1138ms)
 GET /resume.pdf 404 in 447ms (next.js: 149ms, application-code: 298ms)
[browser] A tree hydrated but some attributes of the server rendered HTML didn't match the client properties. This won't be patched up. This can happen if a SSR-ed Client Component used:

- A server/client branch `if (typeof window !== 'undefined')`.
- Variable input such as `Date.now()` or `Math.random()` which changes each time it's called.
- Date formatting in a user's locale which doesn't match the server.
- External changing data without sending a snapshot of it along with the HTML.
- Invalid HTML tag nesting.

It can also happen if the client has a browser extension installed which messes with the HTML before React loaded.

https://react.dev/link/hydration-mismatch

  ...
    <HotReload globalError={[...]} webSocket={WebSocket} staticIndicatorState={{pathname:null, ...}}>
      <AppDevOverlayErrorBoundary globalError={[...]}>
        <ReplaySsrOnlyErrors>
        <DevRootHTTPAccessFallbackBoundary>
          <HTTPAccessFallbackBoundary notFound={<NotAllowedRootHTTPFallbackError>}>
            <HTTPAccessFallbackErrorBoundary pathname="/resume.pdf" notFound={<NotAllowedRootHTTPFallbackError>} ...>
              <RedirectBoundary>
                <RedirectErrorBoundary router={{...}}>
                  <Head>
                  <__next_root_layout_boundary__>
                    <LoadingBoundaryProvider loading={[...]}>
                      <SegmentViewNode type="layout" pagePath="layout.tsx">
                        <SegmentTrieNode>
                        <link>
                        <script>
                        <script>
                        <script>
                        <RootLayout>
                          <html lang="en" className="dark" suppressHydrationWarning={true}>
                            <head>
                            <body
                              className="inter_5901b7c6-module__ec5Qua__variable jetbrains_mono_fa873072-module__lnb74..."
-                             cz-shortcut-listen="true"
                            >
                  ...
 
    at <unknown> (file://D:/offical portfolio/musa-portfolio/.next/dev/static/chunks/node_modules_next_dist_compiled_react-dom_096_9a-._.js:3439:25)
    at runWithFiberInDEV (file://D:/offical portfolio/musa-portfolio/.next/dev/static/chunks/node_modules_next_dist_compiled_react-dom_096_9a-._.js:965:74)
    at emitPendingHydrationWarnings (file://D:/offical portfolio/musa-portfolio/.next/dev/static/chunks/node_modules_next_dist_compiled_react-dom_096_9a-._.js:3438:13)
    at completeWork (file://D:/offical portfolio/musa-portfolio/.next/dev/static/chunks/node_modules_next_dist_compiled_react-dom_096_9a-._.js:6885:102)
    at runWithFiberInDEV (file://D:/offical portfolio/musa-portfolio/.next/dev/static/chunks/node_modules_next_dist_compiled_react-dom_096_9a-._.js:965:131)
    at completeUnitOfWork (file://D:/offical portfolio/musa-portfolio/.next/dev/static/chunks/node_modules_next_dist_compiled_react-dom_096_9a-._.js:9622:23)
    at performUnitOfWork (file://D:/offical portfolio/musa-portfolio/.next/dev/static/chunks/node_modules_next_dist_compiled_react-dom_096_9a-._.js:9557:28)
    at workLoopConcurrentByScheduler (file://D:/offical portfolio/musa-portfolio/.next/dev/static/chunks/node_modules_next_dist_compiled_react-dom_096_9a-._.js:9551:58)
    at renderRootConcurrent (file://D:/offical portfolio/musa-portfolio/.next/dev/static/chunks/node_modules_next_dist_compiled_react-dom_096_9a-._.js:9534:71)
    at performWorkOnRoot (file://D:/offical portfolio/musa-portfolio/.next/dev/static/chunks/node_modules_next_dist_compiled_react-dom_096_9a-._.js:9061:150)
    at performWorkOnRootViaSchedulerTask (file://D:/offical portfolio/musa-portfolio/.next/dev/static/chunks/node_modules_next_dist_compiled_react-dom_096_9a-._.js:10255:9)
    at MessagePort.performWorkUntilDeadline (file://D:/offical portfolio/musa-portfolio/.next/dev/static/chunks/node_modules_next_dist_compiled_1amofcm._.js:2647:64) (file://D:/offical portfolio/musa-portfolio/.next/dev/static/chunks/node_modules_next_dist_compiled_react-dom_096_9a-._.js:3439:25)
 GET / 200 in 74ms (next.js: 13ms, application-code: 61ms)
[browser] Detected `scroll-behavior: smooth` on the `<html>` element. To disable smooth scrolling during route transitions, add `data-scroll-behavior="smooth"` to your <html> element. Learn more: https://nextjs.org/docs/messages/missing-data-scroll-behavior (file://D:/offical portfolio/musa-portfolio/.next/dev/static/chunks/node_modules_next_dist_1ybzpk2._.js:2477:13)
✓ Compiled in 1714ms
 GET / 200 in 624ms (next.js: 439ms, application-code: 185ms)
 GET / 200 in 86ms (next.js: 6ms, application-code: 80ms)
 GET / 200 in 47ms (next.js: 4ms, application-code: 43ms)
✓ Compiled in 1096ms
 GET / 200 in 321ms (next.js: 178ms, application-code: 143ms)
✓ Compiled in 533ms
 GET / 200 in 473ms (next.js: 264ms, application-code: 208ms)
✓ Compiled in 311ms
 GET / 200 in 273ms (next.js: 152ms, application-code: 122ms)
 GET / 200 in 1056ms (next.js: 40ms, application-code: 1016ms)
✓ Compiled in 879ms
 GET / 200 in 1493ms (next.js: 920ms, application-code: 573ms)
✓ Compiled in 2.9s
 GET / 200 in 573ms (next.js: 408ms, application-code: 165ms)
✓ Compiled in 472ms
✓ Compiled in 554ms
 GET / 200 in 996ms (next.js: 305ms, application-code: 691ms)
 GET / 200 in 503ms (next.js: 214ms, application-code: 289ms)
 GET / 200 in 125ms (next.js: 14ms, application-code: 111ms)
✓ Compiled in 1423ms
 GET / 200 in 880ms (next.js: 578ms, application-code: 302ms)
✓ Compiled in 286ms
 GET / 200 in 638ms (next.js: 337ms, application-code: 301ms)
✓ Compiled in 126ms
 GET / 200 in 202ms (next.js: 126ms, application-code: 75ms)
✓ Compiled in 805ms
 GET / 200 in 231ms (next.js: 163ms, application-code: 68ms)
✓ Compiled in 662ms
 GET / 200 in 278ms (next.js: 214ms, application-code: 64ms)
✓ Compiled in 1309ms
 GET / 200 in 1161ms (next.js: 995ms, application-code: 166ms)
✓ Compiled in 976ms
 GET / 200 in 531ms (next.js: 388ms, application-code: 143ms)
✓ Compiled in 126ms
 GET / 200 in 158ms (next.js: 114ms, application-code: 44ms)
✓ Compiled in 844ms
 GET / 200 in 701ms (next.js: 335ms, application-code: 366ms)
✓ Compiled in 511ms
 GET / 200 in 511ms (next.js: 326ms, application-code: 185ms)
✓ Compiled in 92ms
 GET / 200 in 329ms (next.js: 221ms, application-code: 108ms)
✓ Compiled in 316ms
 GET / 200 in 711ms (next.js: 529ms, application-code: 182ms)
✓ Compiled in 1408ms
⨯ ./app/sections/Hero.tsx:202:28
Expected '</', got 'jsx text'
  [90m200 |[0m                   <span className=[32m"animate-pulse text-electric"[0m>|</span>
  [90m201 |[0m                 </p>
[31m[1m>[0m [90m202 |[0m               </motion.div>
  [90m    |[0m                            [31m[1m^^^^^^^^^^^^^^^^^^^^^^^^^^^^^^^^^^^^^^^^^^^^^^^^^^^^^^^^^^^^^^^^^[0m
[31m[1m>[0m [90m203 |[0m             </[33mAnimateIn[0m>
  [90m    |[0m [31m[1m^^^^^^^^^^^^[0m
  [90m204 |[0m
  [90m205 |[0m             <[33mAnimateIn[0m direction=[32m"right"[0m delay={[35m0.5[0m} duration={[35m0.7[0m} distance={[35m40[0m}>
  [90m206 |[0m               <div className=[32m"grid grid-cols-3 gap-3"[0m>

Parsing ecmascript source code failed

Import trace:
  Server Component:
    ./app/sections/Hero.tsx
    ./app/page.tsx


[browser] ./app/sections/Hero.tsx:202:28
Expected '</', got 'jsx text'
  200 |                   <span className="animate-pulse text-electric">|</span>
  201 |                 </p>
> 202 |               </motion.div>
      |                            ^^^^^^^^^^^^^^^^^^^^^^^^^^^^^^^^^^^^^^^^^^^^^^^^^^^^^^^^^^^^^^^^^
> 203 |             </AnimateIn>
      | ^^^^^^^^^^^^
  204 |
  205 |             <AnimateIn direction="right" delay={0.5} duration={0.7} distance={40}>
  206 |               <div className="grid grid-cols-3 gap-3">

Parsing ecmascript source code failed

Import trace:
  Server Component:
    ./app/sections/Hero.tsx
    ./app/page.tsx 
    at handleErrors (file://D:/offical portfolio/musa-portfolio/.next/dev/static/chunks/node_modules_next_dist_client_0r5nbpw._.js:13951:21)
    at processMessage (file://D:/offical portfolio/musa-portfolio/.next/dev/static/chunks/node_modules_next_dist_client_0r5nbpw._.js:14014:21)
    at WebSocket.handleMessage (file://D:/offical portfolio/musa-portfolio/.next/dev/static/chunks/node_modules_next_dist_client_0r5nbpw._.js:13458:52) (file://D:/offical portfolio/musa-portfolio/.next/dev/static/chunks/node_modules_next_dist_client_0r5nbpw._.js:13951:21)
[browser] ./app/sections/Hero.tsx:202:28
Expected '</', got 'jsx text'
  200 |                   <span className="animate-pulse text-electric">|</span>
  201 |                 </p>
> 202 |               </motion.div>
      |                            ^^^^^^^^^^^^^^^^^^^^^^^^^^^^^^^^^^^^^^^^^^^^^^^^^^^^^^^^^^^^^^^^^
> 203 |             </AnimateIn>
      | ^^^^^^^^^^^^
  204 |
  205 |             <AnimateIn direction="right" delay={0.5} duration={0.7} distance={40}>
  206 |               <div className="grid grid-cols-3 gap-3">

Parsing ecmascript source code failed

Import trace:
  Server Component:
    ./app/sections/Hero.tsx
    ./app/page.tsx 
    at handleErrors (file://D:/offical portfolio/musa-portfolio/.next/dev/static/chunks/node_modules_next_dist_client_0r5nbpw._.js:13951:21)
    at processMessage (file://D:/offical portfolio/musa-portfolio/.next/dev/static/chunks/node_modules_next_dist_client_0r5nbpw._.js:14014:21)
    at WebSocket.handleMessage (file://D:/offical portfolio/musa-portfolio/.next/dev/static/chunks/node_modules_next_dist_client_0r5nbpw._.js:13458:52) (file://D:/offical portfolio/musa-portfolio/.next/dev/static/chunks/node_modules_next_dist_client_0r5nbpw._.js:13951:21)
[browser] ./app/sections/Hero.tsx:202:28
Expected '</', got 'jsx text'
  200 |                   <span className="animate-pulse text-electric">|</span>
  201 |                 </p>
> 202 |               </motion.div>
      |                            ^^^^^^^^^^^^^^^^^^^^^^^^^^^^^^^^^^^^^^^^^^^^^^^^^^^^^^^^^^^^^^^^^
> 203 |             </AnimateIn>
      | ^^^^^^^^^^^^
  204 |
  205 |             <AnimateIn direction="right" delay={0.5} duration={0.7} distance={40}>
  206 |               <div className="grid grid-cols-3 gap-3">

Parsing ecmascript source code failed

Import trace:
  Server Component:
    ./app/sections/Hero.tsx
    ./app/page.tsx 
    at handleErrors (file://D:/offical portfolio/musa-portfolio/.next/dev/static/chunks/node_modules_next_dist_client_0r5nbpw._.js:13951:21)
    at processMessage (file://D:/offical portfolio/musa-portfolio/.next/dev/static/chunks/node_modules_next_dist_client_0r5nbpw._.js:14014:21)
    at WebSocket.handleMessage (file://D:/offical portfolio/musa-portfolio/.next/dev/static/chunks/node_modules_next_dist_client_0r5nbpw._.js:13458:52) (file://D:/offical portfolio/musa-portfolio/.next/dev/static/chunks/node_modules_next_dist_client_0r5nbpw._.js:13951:21)
[browser] ./app/sections/Hero.tsx:202:28
Expected '</', got 'jsx text'
  200 |                   <span className="animate-pulse text-electric">|</span>
  201 |                 </p>
> 202 |               </motion.div>
      |                            ^^^^^^^^^^^^^^^^^^^^^^^^^^^^^^^^^^^^^^^^^^^^^^^^^^^^^^^^^^^^^^^^^
> 203 |             </AnimateIn>
      | ^^^^^^^^^^^^
  204 |
  205 |             <AnimateIn direction="right" delay={0.5} duration={0.7} distance={40}>
  206 |               <div className="grid grid-cols-3 gap-3">

Parsing ecmascript source code failed

Import trace:
  Server Component:
    ./app/sections/Hero.tsx
    ./app/page.tsx 
    at handleErrors (file://D:/offical portfolio/musa-portfolio/.next/dev/static/chunks/node_modules_next_dist_client_0r5nbpw._.js:13951:21)
    at processMessage (file://D:/offical portfolio/musa-portfolio/.next/dev/static/chunks/node_modules_next_dist_client_0r5nbpw._.js:14014:21)
    at WebSocket.handleMessage (file://D:/offical portfolio/musa-portfolio/.next/dev/static/chunks/node_modules_next_dist_client_0r5nbpw._.js:13458:52) (file://D:/offical portfolio/musa-portfolio/.next/dev/static/chunks/node_modules_next_dist_client_0r5nbpw._.js:13951:21)
[browser] ./app/sections/Hero.tsx:202:28
Expected '</', got 'jsx text'
  200 |                   <span className="animate-pulse text-electric">|</span>
  201 |                 </p>
> 202 |               </motion.div>
      |                            ^^^^^^^^^^^^^^^^^^^^^^^^^^^^^^^^^^^^^^^^^^^^^^^^^^^^^^^^^^^^^^^^^
> 203 |             </AnimateIn>
      | ^^^^^^^^^^^^
  204 |
  205 |             <AnimateIn direction="right" delay={0.5} duration={0.7} distance={40}>
  206 |               <div className="grid grid-cols-3 gap-3">

Parsing ecmascript source code failed

Import trace:
  Server Component:
    ./app/sections/Hero.tsx
    ./app/page.tsx 
    at handleErrors (file://D:/offical portfolio/musa-portfolio/.next/dev/static/chunks/node_modules_next_dist_client_0r5nbpw._.js:13951:21)
    at processMessage (file://D:/offical portfolio/musa-portfolio/.next/dev/static/chunks/node_modules_next_dist_client_0r5nbpw._.js:14014:21)
    at WebSocket.handleMessage (file://D:/offical portfolio/musa-portfolio/.next/dev/static/chunks/node_modules_next_dist_client_0r5nbpw._.js:13458:52) (file://D:/offical portfolio/musa-portfolio/.next/dev/static/chunks/node_modules_next_dist_client_0r5nbpw._.js:13951:21)
 GET / 500 in 4.2s (next.js: 3.5s, application-code: 668ms)
⨯ ./app/sections/Hero.tsx:202:28
Expected '</', got 'jsx text'
  [90m200 |[0m                   <span className=[32m"animate-pulse text-electric"[0m>|</span>
  [90m201 |[0m                 </p>
[31m[1m>[0m [90m202 |[0m               </motion.div>
  [90m    |[0m                            [31m[1m^^^^^^^^^^^^^^^^^^^^^^^^^^^^^^^^^^^^^^^^^^^^^^^^^^^^^^^^^^^^^^^^^[0m
[31m[1m>[0m [90m203 |[0m             </[33mAnimateIn[0m>
  [90m    |[0m [31m[1m^^^^^^^^^^^^[0m
  [90m204 |[0m
  [90m205 |[0m             <[33mAnimateIn[0m direction=[32m"right"[0m delay={[35m0.5[0m} duration={[35m0.7[0m} distance={[35m40[0m}>
  [90m206 |[0m               <div className=[32m"grid grid-cols-3 gap-3"[0m>

Parsing ecmascript source code failed

Import trace:
  Server Component:
    ./app/sections/Hero.tsx
    ./app/page.tsx


 GET / 500 in 33ms (next.js: 14ms, application-code: 18ms)
[browser] ./app/sections/Hero.tsx:202:28
Expected '</', got 'jsx text'
  200 |                   <span className="animate-pulse text-electric">|</span>
  201 |                 </p>
> 202 |               </motion.div>
      |                            ^^^^^^^^^^^^^^^^^^^^^^^^^^^^^^^^^^^^^^^^^^^^^^^^^^^^^^^^^^^^^^^^^
> 203 |             </AnimateIn>
      | ^^^^^^^^^^^^
  204 |
  205 |             <AnimateIn direction="right" delay={0.5} duration={0.7} distance={40}>
  206 |               <div className="grid grid-cols-3 gap-3">

Parsing ecmascript source code failed

Import trace:
  Server Component:
    ./app/sections/Hero.tsx
    ./app/page.tsx 
    at handleErrors (file://D:/offical portfolio/musa-portfolio/.next/dev/static/chunks/node_modules_next_dist_client_0r5nbpw._.js:13951:21)
    at processMessage (file://D:/offical portfolio/musa-portfolio/.next/dev/static/chunks/node_modules_next_dist_client_0r5nbpw._.js:14014:21)
    at WebSocket.handleMessage (file://D:/offical portfolio/musa-portfolio/.next/dev/static/chunks/node_modules_next_dist_client_0r5nbpw._.js:13458:52) (file://D:/offical portfolio/musa-portfolio/.next/dev/static/chunks/node_modules_next_dist_client_0r5nbpw._.js:13951:21)
⨯ ./app/sections/Hero.tsx:202:28
Expected '</', got 'jsx text'
  [90m200 |[0m                   <span className=[32m"animate-pulse text-electric"[0m>|</span>
  [90m201 |[0m                 </p>
[31m[1m>[0m [90m202 |[0m               </motion.div>
  [90m    |[0m                            [31m[1m^^^^^^^^^^^^^^^^^^^^^^^^^^^^^^^^^^^^^^^^^^^^^^^^^^^^^^^^^^^^^^^^^[0m
[31m[1m>[0m [90m203 |[0m             </[33mAnimateIn[0m>
  [90m    |[0m [31m[1m^^^^^^^^^^^^[0m
  [90m204 |[0m
  [90m205 |[0m             <[33mAnimateIn[0m direction=[32m"right"[0m delay={[35m0.5[0m} duration={[35m0.7[0m} distance={[35m40[0m}>
  [90m206 |[0m               <div className=[32m"grid grid-cols-3 gap-3"[0m>

Parsing ecmascript source code failed

Import trace:
  Server Component:
    ./app/sections/Hero.tsx
    ./app/page.tsx


 GET / 500 in 54ms (next.js: 24ms, application-code: 30ms)
[browser] Uncaught Error: ./app/sections/Hero.tsx:202:28
Expected '</', got 'jsx text'
  200 |                   <span className="animate-pulse text-electric">|</span>
  201 |                 </p>
> 202 |               </motion.div>
      |                            ^^^^^^^^^^^^^^^^^^^^^^^^^^^^^^^^^^^^^^^^^^^^^^^^^^^^^^^^^^^^^^^^^
> 203 |             </AnimateIn>
      | ^^^^^^^^^^^^
  204 |
  205 |             <AnimateIn direction="right" delay={0.5} duration={0.7} distance={40}>
  206 |               <div className="grid grid-cols-3 gap-3">

Parsing ecmascript source code failed

Import trace:
  Server Component:
    ./app/sections/Hero.tsx
    ./app/page.tsx


    at <unknown> (Error: ./app/sections/Hero.tsx:202:28)
    at <unknown> (Error: (./app/sections/Hero.tsx:202:28)
[browser] ./app/sections/Hero.tsx:202:28
Expected '</', got 'jsx text'
  200 |                   <span className="animate-pulse text-electric">|</span>
  201 |                 </p>
> 202 |               </motion.div>
      |                            ^^^^^^^^^^^^^^^^^^^^^^^^^^^^^^^^^^^^^^^^^^^^^^^^^^^^^^^^^^^^^^^^^
> 203 |             </AnimateIn>
      | ^^^^^^^^^^^^
  204 |
  205 |             <AnimateIn direction="right" delay={0.5} duration={0.7} distance={40}>
  206 |               <div className="grid grid-cols-3 gap-3">

Parsing ecmascript source code failed

Import trace:
  Server Component:
    ./app/sections/Hero.tsx
    ./app/page.tsx 
    at handleErrors (file://D:/offical portfolio/musa-portfolio/.next/dev/static/chunks/node_modules_next_dist_client_16lnmlo._.js:2774:21)
    at processMessage (file://D:/offical portfolio/musa-portfolio/.next/dev/static/chunks/node_modules_next_dist_client_16lnmlo._.js:2835:28)
    at <unknown> (file://D:/offical portfolio/musa-portfolio/.next/dev/static/chunks/node_modules_next_dist_client_16lnmlo._.js:2680:13)
    at WebSocket.handleMessage (file://D:/offical portfolio/musa-portfolio/.next/dev/static/chunks/node_modules_next_dist_client_16lnmlo._.js:2325:17) (file://D:/offical portfolio/musa-portfolio/.next/dev/static/chunks/node_modules_next_dist_client_16lnmlo._.js:2774:21)
[browser] ./app/sections/Hero.tsx:202:28
Expected '</', got 'jsx text'
  200 |                   <span className="animate-pulse text-electric">|</span>
  201 |                 </p>
> 202 |               </motion.div>
      |                            ^^^^^^^^^^^^^^^^^^^^^^^^^^^^^^^^^^^^^^^^^^^^^^^^^^^^^^^^^^^^^^^^^
> 203 |             </AnimateIn>
      | ^^^^^^^^^^^^
  204 |
  205 |             <AnimateIn direction="right" delay={0.5} duration={0.7} distance={40}>
  206 |               <div className="grid grid-cols-3 gap-3">

Parsing ecmascript source code failed

Import trace:
  Server Component:
    ./app/sections/Hero.tsx
    ./app/page.tsx 
    at handleErrors (file://D:/offical portfolio/musa-portfolio/.next/dev/static/chunks/node_modules_next_dist_client_16lnmlo._.js:2774:21)
    at processMessage (file://D:/offical portfolio/musa-portfolio/.next/dev/static/chunks/node_modules_next_dist_client_16lnmlo._.js:2835:28)
    at <unknown> (file://D:/offical portfolio/musa-portfolio/.next/dev/static/chunks/node_modules_next_dist_client_16lnmlo._.js:2680:13)
    at WebSocket.handleMessage (file://D:/offical portfolio/musa-portfolio/.next/dev/static/chunks/node_modules_next_dist_client_16lnmlo._.js:2325:17) (file://D:/offical portfolio/musa-portfolio/.next/dev/static/chunks/node_modules_next_dist_client_16lnmlo._.js:2774:21)
[browser] ./app/sections/Hero.tsx:202:28
Expected '</', got 'jsx text'
  200 |                   <span className="animate-pulse text-electric">|</span>
  201 |                 </p>
> 202 |               </motion.div>
      |                            ^^^^^^^^^^^^^^^^^^^^^^^^^^^^^^^^^^^^^^^^^^^^^^^^^^^^^^^^^^^^^^^^^
> 203 |             </AnimateIn>
      | ^^^^^^^^^^^^
  204 |
  205 |             <AnimateIn direction="right" delay={0.5} duration={0.7} distance={40}>
  206 |               <div className="grid grid-cols-3 gap-3">

Parsing ecmascript source code failed

Import trace:
  Server Component:
    ./app/sections/Hero.tsx
    ./app/page.tsx 
    at handleErrors (file://D:/offical portfolio/musa-portfolio/.next/dev/static/chunks/node_modules_next_dist_client_16lnmlo._.js:2774:21)
    at processMessage (file://D:/offical portfolio/musa-portfolio/.next/dev/static/chunks/node_modules_next_dist_client_16lnmlo._.js:2835:28)
    at <unknown> (file://D:/offical portfolio/musa-portfolio/.next/dev/static/chunks/node_modules_next_dist_client_16lnmlo._.js:2680:13)
    at WebSocket.handleMessage (file://D:/offical portfolio/musa-portfolio/.next/dev/static/chunks/node_modules_next_dist_client_16lnmlo._.js:2325:17) (file://D:/offical portfolio/musa-portfolio/.next/dev/static/chunks/node_modules_next_dist_client_16lnmlo._.js:2774:21)
✓ Compiled in 213ms
 GET / 200 in 205ms (next.js: 13ms, application-code: 191ms)
[browser] A tree hydrated but some attributes of the server rendered HTML didn't match the client properties. This won't be patched up. This can happen if a SSR-ed Client Component used:

- A server/client branch `if (typeof window !== 'undefined')`.
- Variable input such as `Date.now()` or `Math.random()` which changes each time it's called.
- Date formatting in a user's locale which doesn't match the server.
- External changing data without sending a snapshot of it along with the HTML.
- Invalid HTML tag nesting.

It can also happen if the client has a browser extension installed which messes with the HTML before React loaded.

https://react.dev/link/hydration-mismatch

  ...
    <HotReload globalError={[...]} webSocket={WebSocket} staticIndicatorState={{pathname:null, ...}}>
      <AppDevOverlayErrorBoundary globalError={[...]}>
        <ReplaySsrOnlyErrors>
        <DevRootHTTPAccessFallbackBoundary>
          <HTTPAccessFallbackBoundary notFound={<NotAllowedRootHTTPFallbackError>}>
            <HTTPAccessFallbackErrorBoundary pathname="/" notFound={<NotAllowedRootHTTPFallbackError>} ...>
              <RedirectBoundary>
                <RedirectErrorBoundary router={{...}}>
                  <Head>
                  <__next_root_layout_boundary__>
                    <LoadingBoundaryProvider loading={[...]}>
                      <SegmentViewNode type="layout" pagePath="layout.tsx">
                        <SegmentTrieNode>
                        <link>
                        <script>
                        <script>
                        <script>
                        <RootLayout>
                          <html lang="en" className="dark" suppressHydrationWarning={true}>
                            <head>
                            <body
                              className="inter_5901b7c6-module__ec5Qua__variable jetbrains_mono_fa873072-module__lnb74..."
-                             data-new-gr-c-s-check-loaded="14.1299.0"
-                             data-gr-ext-installed=""
                            >
                  ...
 
    at <unknown> (file://D:/offical portfolio/musa-portfolio/.next/dev/static/chunks/node_modules_next_dist_compiled_react-dom_096_9a-._.js:3439:25)
    at runWithFiberInDEV (file://D:/offical portfolio/musa-portfolio/.next/dev/static/chunks/node_modules_next_dist_compiled_react-dom_096_9a-._.js:965:74)
    at emitPendingHydrationWarnings (file://D:/offical portfolio/musa-portfolio/.next/dev/static/chunks/node_modules_next_dist_compiled_react-dom_096_9a-._.js:3438:13)
    at completeWork (file://D:/offical portfolio/musa-portfolio/.next/dev/static/chunks/node_modules_next_dist_compiled_react-dom_096_9a-._.js:6885:102)
    at runWithFiberInDEV (file://D:/offical portfolio/musa-portfolio/.next/dev/static/chunks/node_modules_next_dist_compiled_react-dom_096_9a-._.js:965:131)
    at completeUnitOfWork (file://D:/offical portfolio/musa-portfolio/.next/dev/static/chunks/node_modules_next_dist_compiled_react-dom_096_9a-._.js:9622:23)
    at performUnitOfWork (file://D:/offical portfolio/musa-portfolio/.next/dev/static/chunks/node_modules_next_dist_compiled_react-dom_096_9a-._.js:9557:28)
    at workLoopConcurrentByScheduler (file://D:/offical portfolio/musa-portfolio/.next/dev/static/chunks/node_modules_next_dist_compiled_react-dom_096_9a-._.js:9551:58)
    at renderRootConcurrent (file://D:/offical portfolio/musa-portfolio/.next/dev/static/chunks/node_modules_next_dist_compiled_react-dom_096_9a-._.js:9534:71)
    at performWorkOnRoot (file://D:/offical portfolio/musa-portfolio/.next/dev/static/chunks/node_modules_next_dist_compiled_react-dom_096_9a-._.js:9061:150)
    at performWorkOnRootViaSchedulerTask (file://D:/offical portfolio/musa-portfolio/.next/dev/static/chunks/node_modules_next_dist_compiled_react-dom_096_9a-._.js:10255:9)
    at MessagePort.performWorkUntilDeadline (file://D:/offical portfolio/musa-portfolio/.next/dev/static/chunks/node_modules_next_dist_compiled_1amofcm._.js:2647:64) (file://D:/offical portfolio/musa-portfolio/.next/dev/static/chunks/node_modules_next_dist_compiled_react-dom_096_9a-._.js:3439:25)
✓ Compiled in 1805ms
✓ Compiled in 258ms
 GET / 200 in 1326ms (next.js: 952ms, application-code: 375ms)
✓ Compiled in 314ms
✓ Compiled in 104ms
 GET / 200 in 880ms (next.js: 591ms, application-code: 289ms)
✓ Compiled in 146ms
 GET / 200 in 419ms (next.js: 302ms, application-code: 117ms)
✓ Compiled in 413ms
✓ Compiled in 279ms
✓ Compiled in 511ms
✓ Compiled in 236ms
 GET / 200 in 785ms (next.js: 621ms, application-code: 164ms)
✓ Compiled in 128ms
 GET / 200 in 136ms (next.js: 91ms, application-code: 45ms)
✓ Compiled in 93ms
 GET / 200 in 120ms (next.js: 75ms, application-code: 45ms)
✓ Compiled in 62ms
 GET / 200 in 124ms (next.js: 86ms, application-code: 38ms)
✓ Compiled in 510ms
 GET / 200 in 124ms (next.js: 84ms, application-code: 40ms)
✓ Compiled in 840ms
 GET / 200 in 426ms (next.js: 275ms, application-code: 151ms)
✓ Compiled in 361ms
 GET / 200 in 768ms (next.js: 559ms, application-code: 210ms)
✓ Compiled in 1424ms
 GET / 200 in 1530ms (next.js: 1126ms, application-code: 404ms)
✓ Compiled in 1039ms
 GET / 200 in 736ms (next.js: 495ms, application-code: 241ms)
⚠ Found a change in next.config.ts. Restarting the server to apply the changes...
▲ Next.js 16.2.7 (Turbopack)
- Local:         http://localhost:3002
- Network:       http://192.168.1.95:3002
✓ Ready in 605ms
⨯ Another next dev server is already running.

- Local:        http://localhost:3001
- PID:          10536
- Dir:          D:\offical portfolio\musa-portfolio
- Log:          .next\dev\logs\next-development.log

Run taskkill /PID 10536 /F to stop it.
[?25h
Only a single write operations is allowed at a time)
Persisting failed: Another write batch or compaction is already active (Only a single write operations is allowed at a time)
Compaction failed: Another write batch or compaction is already active (Only a single write operations is allowed at a time)
Persisting failed: Another write batch or compaction is already active (Only a single write operations is allowed at a time)
Compaction failed: Another write batch or compaction is already active (Only a single write operations is allowed at a time)
Persisting failed: Another write batch or compaction is already active (Only a single write operations is allowed at a time)
Compaction failed: Another write batch or compaction is already active (Only a single write operations is allowed at a time)
Persisting failed: Another write batch or compaction is already active (Only a single write operations is allowed at a time)
Compaction failed: Another write batch or compaction is already active (Only a single write operations is allowed at a time)
Persisting failed: Another write batch or compaction is already active (Only a single write operations is allowed at a time)
Compaction failed: Another write batch or compaction is already active (Only a single write operations is allowed at a time)
Persisting failed: Another write batch or compaction is already active (Only a single write operations is allowed at a time)
Compaction failed: Another write batch or compaction is already active (Only a single write operations is allowed at a time)
Persisting failed: Another write batch or compaction is already active (Only a single write operations is allowed at a time)
Compaction failed: Another write batch or compaction is already active (Only a single write operations is allowed at a time)
Persisting failed: Another write batch or compaction is already active (Only a single write operations is allowed at a time)
Compaction failed: Another write batch or compaction is already active (Only a single write operations is allowed at a time)
Persisting failed: Another write batch or compaction is already active (Only a single write operations is allowed at a time)
Compaction failed: Another write batch or compaction is already active (Only a single write operations is allowed at a time)
Persisting failed: Another write batch or compaction is already active (Only a single write operations is allowed at a time)
Compaction failed: Another write batch or compaction is already active (Only a single write operations is allowed at a time)
Persisting failed: Another write batch or compaction is already active (Only a single write operations is allowed at a time)
Compaction failed: Another write batch or compaction is already active (Only a single write operations is allowed at a time)
Persisting failed: Another write batch or compaction is already active (Only a single write operations is allowed at a time)
Persisting failed: Another write batch or compaction is already active (Only a single write operations is allowed at a time)
Compaction failed: Another write batch or compaction is already active (Only a single write operations is allowed at a time)
Persisting failed: Another write batch or compaction is already active (Only a single write operations is allowed at a time)
Compaction failed: Another write batch or compaction is already active (Only a single write operations is allowed at a time)
Persisting failed: Another write batch or compaction is already active (Only a single write operations is allowed at a time)
Compaction failed: Another write batch or compaction is already active (Only a single write operations is allowed at a time)
Persisting failed: Another write batch or compaction is already active (Only a single write operations is allowed at a time)
Compaction failed: Another write batch or compaction is already active (Only a single write operations is allowed at a time)
Persisting failed: Another write batch or compaction is already active (Only a single write operations is allowed at a time)
Compaction failed: Another write batch or compaction is already active (Only a single write operations is allowed at a time)
Persisting failed: Another write batch or compaction is already active (Only a single write operations is allowed at a time)
Compaction failed: Another write batch or compaction is already active (Only a single write operations is allowed at a time)
Persisting failed: Another write batch or compaction is already active (Only a single write operations is allowed at a time)
Compaction failed: Another write batch or compaction is already active (Only a single write operations is allowed at a time)
Persisting failed: Another write batch or compaction is already active (Only a single write operations is allowed at a time)
Compaction failed: Another write batch or compaction is already active (Only a single write operations is allowed at a time)
Persisting failed: Another write batch or compaction is already active (Only a single write operations is allowed at a time)
Compaction failed: Another write batch or compaction is already active (Only a single write operations is allowed at a time)
Persisting failed: Another write batch or compaction is already active (Only a single write operations is allowed at a time)
Compaction failed: Another write batch or compaction is already active (Only a single write operations is allowed at a time)
Persisting failed: Another write batch or compaction is already active (Only a single write operations is allowed at a time)
Compaction failed: Another write batch or compaction is already active (Only a single write operations is allowed at a time)
Persisting failed: Another write batch or compaction is already active (Only a single write operations is allowed at a time)
Compaction failed: Another write batch or compaction is already active (Only a single write operations is allowed at a time)
Persisting failed: Another write batch or compaction is already active (Only a single write operations is allowed at a time)
Compaction failed: Another write batch or compaction is already active (Only a single write operations is allowed at a time)
Persisting failed: Another write batch or compaction is already active (Only a single write operations is allowed at a time)
Compaction failed: Another write batch or compaction is already active (Only a single write operations is allowed at a time)
Persisting failed: Another write batch or compaction is already active (Only a single write operations is allowed at a time)
Compaction failed: Another write batch or compaction is already active (Only a single write operations is allowed at a time)
Persisting failed: Another write batch or compaction is already active (Only a single write operations is allowed at a time)
Compaction failed: Another write batch or compaction is already active (Only a single write operations is allowed at a time)
Persisting failed: Another write batch or compaction is already active (Only a single write operations is allowed at a time)
Compaction failed: Another write batch or compaction is already active (Only a single write operations is allowed at a time)
Persisting failed: Another write batch or compaction is already active (Only a single write operations is allowed at a time)
Compaction failed: Another write batch or compaction is already active (Only a single write operations is allowed at a time)
Persisting failed: Another write batch or compaction is already active (Only a single write operations is allowed at a time)
Persisting failed: Another write batch or compaction is already active (Only a single write operations is allowed at a time)
Compaction failed: Another write batch or compaction is already active (Only a single write operations is allowed at a time)
Persisting failed: Another write batch or compaction is already active (Only a single write operations is allowed at a time)
Compaction failed: Another write batch or compaction is already active (Only a single write operations is allowed at a time)
Persisting failed: Another write batch or compaction is already active (Only a single write operations is allowed at a time)
Compaction failed: Another write batch or compaction is already active (Only a single write operations is allowed at a time)
Persisting failed: Another write batch or compaction is already active (Only a single write operations is allowed at a time)
Compaction failed: Another write batch or compaction is already active (Only a single write operations is allowed at a time)
Persisting failed: Another write batch or compaction is already active (Only a single write operations is allowed at a time)
Compaction failed: Another write batch or compaction is already active (Only a single write operations is allowed at a time)
Persisting failed: Another write batch or compaction is already active (Only a single write operations is allowed at a time)
Compaction failed: Another write batch or compaction is already active (Only a single write operations is allowed at a time)
Persisting failed: Another write batch or compaction is already active (Only a single write operations is allowed at a time)
Compaction failed: Another write batch or compaction is already active (Only a single write operations is allowed at a time)
Persisting failed: Another write batch or compaction is already active (Only a single write operations is allowed at a time)
Compaction failed: Another write batch or compaction is already active (Only a single write operations is allowed at a time)
Persisting failed: Another write batch or compaction is already active (Only a single write operations is allowed at a time)
Compaction failed: Another write batch or compaction is already active (Only a single write operations is allowed at a time)
Persisting failed: Another write batch or compaction is already active (Only a single write operations is allowed at a time)
Compaction failed: Another write batch or compaction is already active (Only a single write operations is allowed at a time)
Persisting failed: Another write batch or compaction is already active (Only a single write operations is allowed at a time)
Compaction failed: Another write batch or compaction is already active (Only a single write operations is allowed at a time)
Persisting failed: Another write batch or compaction is already active (Only a single write operations is allowed at a time)
Compaction failed: Another write batch or compaction is already active (Only a single write operations is allowed at a time)
Persisting failed: Another write batch or compaction is already active (Only a single write operations is allowed at a time)
Compaction failed: Another write batch or compaction is already active (Only a single write operations is allowed at a time)
Persisting failed: Another write batch or compaction is already active (Only a single write operations is allowed at a time)
Compaction failed: Another write batch or compaction is already active (Only a single write operations is allowed at a time)
Persisting failed: Another write batch or compaction is already active (Only a single write operations is allowed at a time)
Persisting failed: Another write batch or compaction is already active (Only a single write operations is allowed at a time)
Compaction failed: Another write batch or compaction is already active (Only a single write operations is allowed at a time)
Persisting failed: Another write batch or compaction is already active (Only a single write operations is allowed at a time)
Compaction failed: Another write batch or compaction is already active (Only a single write operations is allowed at a time)
Persisting failed: Another write batch or compaction is already active (Only a single write operations is allowed at a time)
Compaction failed: Another write batch or compaction is already active (Only a single write operations is allowed at a time)
Persisting failed: Another write batch or compaction is already active (Only a single write operations is allowed at a time)
Compaction failed: Another write batch or compaction is already active (Only a single write operations is allowed at a time)
Persisting failed: Another write batch or compaction is already active (Only a single write operations is allowed at a time)
Compaction failed: Another write batch or compaction is already active (Only a single write operations is allowed at a time)
Persisting failed: Another write batch or compaction is already active (Only a single write operations is allowed at a time)
Compaction failed: Another write batch or compaction is already active (Only a single write operations is allowed at a time)
Persisting failed: Another write batch or compaction is already active (Only a single write operations is allowed at a time)
Compaction failed: Another write batch or compaction is already active (Only a single write operations is allowed at a time)
Persisting failed: Another write batch or compaction is already active (Only a single write operations is allowed at a time)
Persisting failed: Another write batch or compaction is already active (Only a single write operations is allowed at a time)
Compaction failed: Another write batch or compaction is already active (Only a single write operations is allowed at a time)
Persisting failed: Another write batch or compaction is already active (Only a single write operations is allowed at a time)
Compaction failed: Another write batch or compaction is already active (Only a single write operations is allowed at a time)
Persisting failed: Another write batch or compaction is already active (Only a single write operations is allowed at a time)
Compaction failed: Another write batch or compaction is already active (Only a single write operations is allowed at a time)
Persisting failed: Another write batch or compaction is already active (Only a single write operations is allowed at a time)
Compaction failed: Another write batch or compaction is already active (Only a single write operations is allowed at a time)
Persisting failed: Another write batch or compaction is already active (Only a single write operations is allowed at a time)
Compaction failed: Another write batch or compaction is already active (Only a single write operations is allowed at a time)
Persisting failed: Another write batch or compaction is already active (Only a single write operations is allowed at a time)
Compaction failed: Another write batch or compaction is already active (Only a single write operations is allowed at a time)
Persisting failed: Another write batch or compaction is already active (Only a single write operations is allowed at a time)
Compaction failed: Another write batch or compaction is already active (Only a single write operations is allowed at a time)
Persisting failed: Another write batch or compaction is already active (Only a single write operations is allowed at a time)
Persisting failed: Another write batch or compaction is already active (Only a single write operations is allowed at a time)
Persisting failed: Another write batch or compaction is already active (Only a single write operations is allowed at a time)
Persisting failed: Another write batch or compaction is already active (Only a single write operations is allowed at a time)
Compaction failed: Another write batch or compaction is already active (Only a single write operations is allowed at a time)
Persisting failed: Another write batch or compaction is already active (Only a single write operations is allowed at a time)
Compaction failed: Another write batch or compaction is already active (Only a single write operations is allowed at a time)
⚠ Found a change in next.config.ts. Restarting the server to apply the changes...
▲ Next.js 16.2.7 (Turbopack)
- Local:         http://localhost:3001
- Network:       http://192.168.1.95:3001
✓ Ready in 912ms

 GET / 200 in 1098ms (next.js: 661ms, application-code: 437ms)
 GET / 200 in 113ms (next.js: 7ms, application-code: 105ms)
 GET / 200 in 303ms (next.js: 31ms, application-code: 272ms)
[browser] A tree hydrated but some attributes of the server rendered HTML didn't match the client properties. This won't be patched up. This can happen if a SSR-ed Client Component used:

- A server/client branch `if (typeof window !== 'undefined')`.
- Variable input such as `Date.now()` or `Math.random()` which changes each time it's called.
- Date formatting in a user's locale which doesn't match the server.
- External changing data without sending a snapshot of it along with the HTML.
- Invalid HTML tag nesting.

It can also happen if the client has a browser extension installed which messes with the HTML before React loaded.

https://react.dev/link/hydration-mismatch

  ...
    <HotReload globalError={[...]} webSocket={WebSocket} staticIndicatorState={{pathname:null, ...}}>
      <AppDevOverlayErrorBoundary globalError={[...]}>
        <ReplaySsrOnlyErrors>
        <DevRootHTTPAccessFallbackBoundary>
          <HTTPAccessFallbackBoundary notFound={<NotAllowedRootHTTPFallbackError>}>
            <HTTPAccessFallbackErrorBoundary pathname="/" notFound={<NotAllowedRootHTTPFallbackError>} ...>
              <RedirectBoundary>
                <RedirectErrorBoundary router={{...}}>
                  <Head>
                  <__next_root_layout_boundary__>
                    <LoadingBoundaryProvider loading={[...]}>
                      <SegmentViewNode type="layout" pagePath="layout.tsx">
                        <SegmentTrieNode>
                        <link>
                        <script>
                        <script>
                        <script>
                        <RootLayout>
                          <html lang="en" className="dark" suppressHydrationWarning={true}>
                            <head>
                            <body
                              className="inter_f2d81e59-module__dt-NXW__variable jetbrains_mono_b08bc454-module__keGuW..."
-                             data-new-gr-c-s-check-loaded="14.1299.0"
-                             data-gr-ext-installed=""
                            >
                  ...
 
    at <unknown> (file://D:/offical portfolio/musa-portfolio/.next/dev/static/chunks/node_modules_next_dist_compiled_react-dom_096_9a-._.js:3439:25)
    at runWithFiberInDEV (file://D:/offical portfolio/musa-portfolio/.next/dev/static/chunks/node_modules_next_dist_compiled_react-dom_096_9a-._.js:965:74)
    at emitPendingHydrationWarnings (file://D:/offical portfolio/musa-portfolio/.next/dev/static/chunks/node_modules_next_dist_compiled_react-dom_096_9a-._.js:3438:13)
    at completeWork (file://D:/offical portfolio/musa-portfolio/.next/dev/static/chunks/node_modules_next_dist_compiled_react-dom_096_9a-._.js:6885:102)
    at runWithFiberInDEV (file://D:/offical portfolio/musa-portfolio/.next/dev/static/chunks/node_modules_next_dist_compiled_react-dom_096_9a-._.js:965:131)
    at completeUnitOfWork (file://D:/offical portfolio/musa-portfolio/.next/dev/static/chunks/node_modules_next_dist_compiled_react-dom_096_9a-._.js:9622:23)
    at performUnitOfWork (file://D:/offical portfolio/musa-portfolio/.next/dev/static/chunks/node_modules_next_dist_compiled_react-dom_096_9a-._.js:9557:28)
    at workLoopConcurrentByScheduler (file://D:/offical portfolio/musa-portfolio/.next/dev/static/chunks/node_modules_next_dist_compiled_react-dom_096_9a-._.js:9551:58)
    at renderRootConcurrent (file://D:/offical portfolio/musa-portfolio/.next/dev/static/chunks/node_modules_next_dist_compiled_react-dom_096_9a-._.js:9534:71)
    at performWorkOnRoot (file://D:/offical portfolio/musa-portfolio/.next/dev/static/chunks/node_modules_next_dist_compiled_react-dom_096_9a-._.js:9061:150)
    at performWorkOnRootViaSchedulerTask (file://D:/offical portfolio/musa-portfolio/.next/dev/static/chunks/node_modules_next_dist_compiled_react-dom_096_9a-._.js:10255:9)
    at MessagePort.performWorkUntilDeadline (file://D:/offical portfolio/musa-portfolio/.next/dev/static/chunks/node_modules_next_dist_compiled_1amofcm._.js:2647:64) (file://D:/offical portfolio/musa-portfolio/.next/dev/static/chunks/node_modules_next_dist_compiled_react-dom_096_9a-._.js:3439:25)
 GET / 200 in 1423ms (next.js: 275ms, application-code: 1148ms)
✓ Compiled in 1379ms
 GET / 200 in 1465ms (next.js: 1030ms, application-code: 435ms)
 GET / 200 in 87ms (next.js: 11ms, application-code: 76ms)
✓ Compiled in 165ms
 GET / 200 in 620ms (next.js: 522ms, application-code: 98ms)
 GET / 200 in 627ms (next.js: 328ms, application-code: 300ms)
✓ Compiled in 1144ms
 GET / 200 in 693ms (next.js: 647ms, application-code: 45ms)
 GET / 200 in 638ms (next.js: 484ms, application-code: 154ms)
✓ Compiled in 365ms
✓ Compiled in 2.9s
 GET / 200 in 4.0s (next.js: 900ms, application-code: 3.1s)
 GET / 200 in 4.2s (next.js: 1013ms, application-code: 3.2s)
 GET / 200 in 2.9s (next.js: 489ms, application-code: 2.5s)
 GET / 200 in 3.3s (next.js: 256ms, application-code: 3.0s)
 GET / 200 in 2.7s (next.js: 206ms, application-code: 2.5s)
 GET / 200 in 2.7s (next.js: 85ms, application-code: 2.6s)
 GET / 200 in 2.7s (next.js: 316ms, application-code: 2.4s)
 GET / 200 in 1579ms (next.js: 831ms, application-code: 748ms)
 GET / 200 in 1584ms (next.js: 146ms, application-code: 1438ms)
 GET / 200 in 1582ms (next.js: 589ms, application-code: 993ms)
 GET / 200 in 1591ms (next.js: 748ms, application-code: 843ms)
 GET / 200 in 148ms (next.js: 36ms, application-code: 112ms)
 GET / 200 in 3.0s (next.js: 15ms, application-code: 3.0s)
 GET / 200 in 1012ms (next.js: 11ms, application-code: 1001ms)
✓ Finished writing to filesystem cache in 11.1s
[browser] Encountered a script tag while rendering React component. Scripts inside React components are never executed when rendering on the client. Consider using template tag instead (https://developer.mozilla.org/en-US/docs/Web/HTML/Element/template). 
    at completeWork (file://D:/offical portfolio/musa-portfolio/.next/dev/static/chunks/node_modules_next_dist_compiled_react-dom_096_9a-._.js:6945:102)
    at runWithFiberInDEV (file://D:/offical portfolio/musa-portfolio/.next/dev/static/chunks/node_modules_next_dist_compiled_react-dom_096_9a-._.js:965:74)
    at completeUnitOfWork (file://D:/offical portfolio/musa-portfolio/.next/dev/static/chunks/node_modules_next_dist_compiled_react-dom_096_9a-._.js:9622:23)
    at performUnitOfWork (file://D:/offical portfolio/musa-portfolio/.next/dev/static/chunks/node_modules_next_dist_compiled_react-dom_096_9a-._.js:9557:28)
    at workLoopSync (file://D:/offical portfolio/musa-portfolio/.next/dev/static/chunks/node_modules_next_dist_compiled_react-dom_096_9a-._.js:9449:40)
    at renderRootSync (file://D:/offical portfolio/musa-portfolio/.next/dev/static/chunks/node_modules_next_dist_compiled_react-dom_096_9a-._.js:9433:13)
    at performWorkOnRoot (file://D:/offical portfolio/musa-portfolio/.next/dev/static/chunks/node_modules_next_dist_compiled_react-dom_096_9a-._.js:9098:47)
    at performWorkOnRootViaSchedulerTask (file://D:/offical portfolio/musa-portfolio/.next/dev/static/chunks/node_modules_next_dist_compiled_react-dom_096_9a-._.js:10255:9)
    at MessagePort.performWorkUntilDeadline (file://D:/offical portfolio/musa-portfolio/.next/dev/static/chunks/node_modules_next_dist_compiled_1amofcm._.js:2647:64) (file://D:/offical portfolio/musa-portfolio/.next/dev/static/chunks/node_modules_next_dist_compiled_react-dom_096_9a-._.js:6945:102)
[browser] Encountered a script tag while rendering React component. Scripts inside React components are never executed when rendering on the client. Consider using template tag instead (https://developer.mozilla.org/en-US/docs/Web/HTML/Element/template). 
    at completeWork (file://D:/offical portfolio/musa-portfolio/.next/dev/static/chunks/node_modules_next_dist_compiled_react-dom_096_9a-._.js:6945:102)
    at runWithFiberInDEV (file://D:/offical portfolio/musa-portfolio/.next/dev/static/chunks/node_modules_next_dist_compiled_react-dom_096_9a-._.js:965:74)
    at completeUnitOfWork (file://D:/offical portfolio/musa-portfolio/.next/dev/static/chunks/node_modules_next_dist_compiled_react-dom_096_9a-._.js:9622:23)
    at performUnitOfWork (file://D:/offical portfolio/musa-portfolio/.next/dev/static/chunks/node_modules_next_dist_compiled_react-dom_096_9a-._.js:9557:28)
    at workLoopSync (file://D:/offical portfolio/musa-portfolio/.next/dev/static/chunks/node_modules_next_dist_compiled_react-dom_096_9a-._.js:9449:40)
    at renderRootSync (file://D:/offical portfolio/musa-portfolio/.next/dev/static/chunks/node_modules_next_dist_compiled_react-dom_096_9a-._.js:9433:13)
    at performWorkOnRoot (file://D:/offical portfolio/musa-portfolio/.next/dev/static/chunks/node_modules_next_dist_compiled_react-dom_096_9a-._.js:9098:47)
    at performWorkOnRootViaSchedulerTask (file://D:/offical portfolio/musa-portfolio/.next/dev/static/chunks/node_modules_next_dist_compiled_react-dom_096_9a-._.js:10255:9)
    at MessagePort.performWorkUntilDeadline (file://D:/offical portfolio/musa-portfolio/.next/dev/static/chunks/node_modules_next_dist_compiled_1amofcm._.js:2647:64) (file://D:/offical portfolio/musa-portfolio/.next/dev/static/chunks/node_modules_next_dist_compiled_react-dom_096_9a-._.js:6945:102)
[browser] Uncaught Error: Hydration failed because the server rendered HTML didn't match the client. As a result this tree will be regenerated on the client. This can happen if a SSR-ed Client Component used:

- A server/client branch `if (typeof window !== 'undefined')`.
- Variable input such as `Date.now()` or `Math.random()` which changes each time it's called.
- Date formatting in a user's locale which doesn't match the server.
- External changing data without sending a snapshot of it along with the HTML.
- Invalid HTML tag nesting.

It can also happen if the client has a browser extension installed which messes with the HTML before React loaded.

https://react.dev/link/hydration-mismatch

  ...
    <DevRootHTTPAccessFallbackBoundary>
      <HTTPAccessFallbackBoundary notFound={<NotAllowedRootHTTPFallbackError>}>
        <HTTPAccessFallbackErrorBoundary pathname="/" notFound={<NotAllowedRootHTTPFallbackError>} forbidden={undefined} ...>
          <RedirectBoundary>
            <RedirectErrorBoundary router={{...}}>
              <Head>
              <__next_root_layout_boundary__>
                <LoadingBoundaryProvider loading={[...]}>
                  <SegmentViewNode type="layout" pagePath="layout.tsx">
                    <SegmentTrieNode>
                    <link>
                    <script>
                    <script>
                    <script>
                    <RootLayout>
                      <html lang="en" className="dark" suppressHydrationWarning={true}>
                        <head>
                        <body className="inter_f2d8...">
                          <Cursor>
                            <motion.div className="pointer-ev..." style={{x:{...},y:{...}, ...}}>
+                             <div
+                               className="pointer-events-none fixed z-[99999]"
+                               style={{opacity:0,transform:"translateX..."}}
+                               ref={function useMotionRef.useCallback}
+                             >
-                             <nav
-                               className="fixed top-0 left-0 right-0 z-50 transition-all duration-300 glass border-b ..."
-                               style={{transform:"translateY..."}}
-                             >
                            ...
                          ...
              ...

    at <unknown> (https://react.dev/link/hydration-mismatch)
    at throwOnHydrationMismatch (file://D:/offical portfolio/musa-portfolio/.next/dev/static/chunks/node_modules_next_dist_compiled_react-dom_096_9a-._.js:3318:56)
    at beginWork (file://D:/offical portfolio/musa-portfolio/.next/dev/static/chunks/node_modules_next_dist_compiled_react-dom_096_9a-._.js:6758:918)
    at runWithFiberInDEV (file://D:/offical portfolio/musa-portfolio/.next/dev/static/chunks/node_modules_next_dist_compiled_react-dom_096_9a-._.js:965:74)
    at performUnitOfWork (file://D:/offical portfolio/musa-portfolio/.next/dev/static/chunks/node_modules_next_dist_compiled_react-dom_096_9a-._.js:9555:97)
    at workLoopConcurrentByScheduler (file://D:/offical portfolio/musa-portfolio/.next/dev/static/chunks/node_modules_next_dist_compiled_react-dom_096_9a-._.js:9551:58)
    at renderRootConcurrent (file://D:/offical portfolio/musa-portfolio/.next/dev/static/chunks/node_modules_next_dist_compiled_react-dom_096_9a-._.js:9534:71)
    at performWorkOnRoot (file://D:/offical portfolio/musa-portfolio/.next/dev/static/chunks/node_modules_next_dist_compiled_react-dom_096_9a-._.js:9061:150)
    at performWorkOnRootViaSchedulerTask (file://D:/offical portfolio/musa-portfolio/.next/dev/static/chunks/node_modules_next_dist_compiled_react-dom_096_9a-._.js:10255:9)
    at MessagePort.performWorkUntilDeadline (file://D:/offical portfolio/musa-portfolio/.next/dev/static/chunks/node_modules_next_dist_compiled_1amofcm._.js:2647:64)
    at div (<anonymous>)
    at useRender (file://D:/offical portfolio/musa-portfolio/.next/dev/static/chunks/node_modules_0qd48ql._.js:5331:191)
    at MotionDOMComponent (file://D:/offical portfolio/musa-portfolio/.next/dev/static/chunks/node_modules_0qd48ql._.js:6028:215)
    at Cursor (file://D:/offical portfolio/musa-portfolio/.next/dev/static/chunks/components_1kbcaml._.js:663:215)
    at RootLayout (app\layout.tsx:88:9)
  86 |         className={`${inter.variable} ${jetbrains.variable} font-body antialiased`}
  87 |       >
> 88 |         <Cursor />
     |         ^
  89 |         <Navbar />
  90 |         {children}
  91 |       </body>
[browser] Uncaught Error: Hydration failed because the server rendered HTML didn't match the client. As a result this tree will be regenerated on the client. This can happen if a SSR-ed Client Component used:

- A server/client branch `if (typeof window !== 'undefined')`.
- Variable input such as `Date.now()` or `Math.random()` which changes each time it's called.
- Date formatting in a user's locale which doesn't match the server.
- External changing data without sending a snapshot of it along with the HTML.
- Invalid HTML tag nesting.

It can also happen if the client has a browser extension installed which messes with the HTML before React loaded.

https://react.dev/link/hydration-mismatch

  ...
    <HotReload globalError={[...]} webSocket={WebSocket} staticIndicatorState={{pathname:null, ...}}>
      <AppDevOverlayErrorBoundary globalError={[...]}>
        <ReplaySsrOnlyErrors>
        <DevRootHTTPAccessFallbackBoundary>
          <HTTPAccessFallbackBoundary notFound={<NotAllowedRootHTTPFallbackError>}>
            <HTTPAccessFallbackErrorBoundary pathname="/" notFound={<NotAllowedRootHTTPFallbackError>} ...>
              <RedirectBoundary>
                <RedirectErrorBoundary router={{...}}>
                  <Head>
                  <__next_root_layout_boundary__>
                    <LoadingBoundaryProvider loading={[...]}>
                      <SegmentViewNode type="layout" pagePath="layout.tsx">
                        <SegmentTrieNode>
                        <link>
                        <script>
                        <script>
                        <script>
                        <RootLayout>
                          <html lang="en" className="dark" suppressHydrationWarning={true}>
                            <head>
                            <body
                              className="inter_f2d81e59-module__dt-NXW__variable jetbrains_mono_b08bc454-module__keGuW..."
-                             data-new-gr-c-s-check-loaded="14.1299.0"
-                             data-gr-ext-installed=""
                            >
                              <Cursor>
                                <motion.div className="pointer-ev..." style={{x:{...},y:{...}, ...}}>
+                                 <div
+                                   className="pointer-events-none fixed z-[99999]"
+                                   style={{opacity:0,transform:"translateX..."}}
+                                   ref={function useMotionRef.useCallback}
+                                 >
-                                 <nav
-                                   className="fixed top-0 left-0 right-0 z-50 transition-all duration-300 glass borde..."
-                                   style={{transform:"translateY..."}}
-                                 >
                                ...
                              ...
                  ...

    at <unknown> (https://react.dev/link/hydration-mismatch)
    at throwOnHydrationMismatch (file://D:/offical portfolio/musa-portfolio/.next/dev/static/chunks/node_modules_next_dist_compiled_react-dom_096_9a-._.js:3318:56)
    at beginWork (file://D:/offical portfolio/musa-portfolio/.next/dev/static/chunks/node_modules_next_dist_compiled_react-dom_096_9a-._.js:6758:918)
    at runWithFiberInDEV (file://D:/offical portfolio/musa-portfolio/.next/dev/static/chunks/node_modules_next_dist_compiled_react-dom_096_9a-._.js:965:74)
    at performUnitOfWork (file://D:/offical portfolio/musa-portfolio/.next/dev/static/chunks/node_modules_next_dist_compiled_react-dom_096_9a-._.js:9555:97)
    at workLoopConcurrentByScheduler (file://D:/offical portfolio/musa-portfolio/.next/dev/static/chunks/node_modules_next_dist_compiled_react-dom_096_9a-._.js:9551:58)
    at renderRootConcurrent (file://D:/offical portfolio/musa-portfolio/.next/dev/static/chunks/node_modules_next_dist_compiled_react-dom_096_9a-._.js:9534:71)
    at performWorkOnRoot (file://D:/offical portfolio/musa-portfolio/.next/dev/static/chunks/node_modules_next_dist_compiled_react-dom_096_9a-._.js:9061:150)
    at performWorkOnRootViaSchedulerTask (file://D:/offical portfolio/musa-portfolio/.next/dev/static/chunks/node_modules_next_dist_compiled_react-dom_096_9a-._.js:10255:9)
    at MessagePort.performWorkUntilDeadline (file://D:/offical portfolio/musa-portfolio/.next/dev/static/chunks/node_modules_next_dist_compiled_1amofcm._.js:2647:64)
    at div (<anonymous>)
    at useRender (file://D:/offical portfolio/musa-portfolio/.next/dev/static/chunks/node_modules_0qd48ql._.js:5331:191)
    at MotionDOMComponent (file://D:/offical portfolio/musa-portfolio/.next/dev/static/chunks/node_modules_0qd48ql._.js:6028:215)
    at Cursor (file://D:/offical portfolio/musa-portfolio/.next/dev/static/chunks/components_1kbcaml._.js:663:215)
    at RootLayout (app\layout.tsx:88:9)
  86 |         className={`${inter.variable} ${jetbrains.variable} font-body antialiased`}
  87 |       >
> 88 |         <Cursor />
     |         ^
  89 |         <Navbar />
  90 |         {children}
  91 |       </body>
✓ Compiled in 7s
✓ Compiled in 3.1s
 GET / 200 in 3.4s (next.js: 2.8s, application-code: 582ms)
 GET / 200 in 3.4s (next.js: 1760ms, application-code: 1676ms)
✓ Finished filesystem cache database compaction in 17.3s
✓ Compiled in 9.3s
✓ Compiled in 633ms
✓ Compiled in 1020ms
✓ Compiled in 336ms
 GET / 200 in 192ms (next.js: 18ms, application-code: 173ms)
 GET / 200 in 799ms (next.js: 422ms, application-code: 377ms)
✓ Compiled in 3.7s
 GET / 200 in 3.1s (next.js: 2.6s, application-code: 533ms)
 GET / 200 in 3.1s (next.js: 1743ms, application-code: 1316ms)
✓ Compiled in 1014ms
 GET / 200 in 1096ms (next.js: 1011ms, application-code: 85ms)
 GET / 200 in 1049ms (next.js: 660ms, application-code: 389ms)
✓ Compiled in 9.8s
 GET / 200 in 24.5s (next.js: 23.2s, application-code: 1284ms)
 GET / 200 in 25.7s (next.js: 20.4s, application-code: 5.3s)
✓ Compiled in 735ms
 GET / 200 in 882ms (next.js: 764ms, application-code: 118ms)
 GET / 200 in 913ms (next.js: 541ms, application-code: 372ms)
✓ Compiled in 557ms
 GET / 200 in 861ms (next.js: 581ms, application-code: 280ms)
 GET / 200 in 930ms (next.js: 863ms, application-code: 67ms)
